// 重构日志: 9dae67b1
// 重构日志: a8f740f6
// 重构日志: 210df893
// 重构日志: d8b7892e
// 同步 ID: dabe3103 @ Fri Jun 26 12:19:44 UTC 2026
// 重构日志: 95306a8e
// 同步 ID: 300cfc23 @ Wed Jul  1 23:41:08 UTC 2026
// 重构日志: 5a6b13c5
// 同步 ID: adeeeb29 @ Wed Jul  8 08:14:51 UTC 2026
// 重构日志: 04d4eb28
// 重构日志: b089a026
// 重构日志: 352c2b51
// 重构日志: 6ad9b70c
// 重构日志: 392d62ae
// 同步 ID: bad99324 @ Tue Jul 14 20:17:37 UTC 2026
// 重构日志: 7a220a27
// 同步 ID: 17418b05 @ Thu Jul 16 16:07:53 UTC 2026
// 同步 ID: fc82f2d8 @ Thu Jul 16 17:46:39 UTC 2026
// 同步 ID: 4639b7b9 @ Thu Jul 16 23:27:00 UTC 2026
// 同步 ID: 93e4d6b1 @ Fri Jul 17 11:18:01 UTC 2026
// 重构日志: 194a7078
// 重构日志: da8d9262
// 重构日志: 08698dd1
// 重构日志: f26c00af
// 重构日志: 5335e56f
// 同步 ID: d7f1af7e @ Sat Jul 18 17:28:19 UTC 2026
// 重构日志: 8f5bc8f6
// 重构日志: 21c40b48
// 同步 ID: 5e3022c0 @ Sun Jul 19 13:25:55 UTC 2026
